mode: atomic
github.com/renproject/mercury/types/btctypes/btc.go:39.41,41.17 2 103
github.com/renproject/mercury/types/btctypes/btc.go:42.17,43.17 1 1
github.com/renproject/mercury/types/btctypes/btc.go:44.29,45.17 1 102
github.com/renproject/mercury/types/btctypes/btc.go:46.10,47.33 1 0
github.com/renproject/mercury/types/btctypes/btc.go:52.50,53.17 1 404
github.com/renproject/mercury/types/btctypes/btc.go:54.15,55.23 1 202
github.com/renproject/mercury/types/btctypes/btc.go:56.15,57.24 1 202
github.com/renproject/mercury/types/btctypes/btc.go:58.10,59.33 1 0
github.com/renproject/mercury/types/btctypes/btc.go:64.40,65.17 1 2
github.com/renproject/mercury/types/btctypes/btc.go:66.15,67.19 1 1
github.com/renproject/mercury/types/btctypes/btc.go:68.15,69.19 1 1
github.com/renproject/mercury/types/btctypes/btc.go:70.10,71.33 1 0
github.com/renproject/mercury/types/btctypes/btc.go:81.74,83.2 1 2
github.com/renproject/mercury/types/btctypes/btc.go:86.80,88.2 1 402
github.com/renproject/mercury/types/btctypes/btc.go:91.74,92.17 1 402
github.com/renproject/mercury/types/btctypes/btc.go:93.15,94.58 1 201
github.com/renproject/mercury/types/btctypes/btc.go:95.15,96.60 1 201
github.com/renproject/mercury/types/btctypes/btc.go:97.10,98.33 1 0
github.com/renproject/mercury/types/btctypes/btc.go:103.55,105.16 2 202
github.com/renproject/mercury/types/btctypes/btc.go:109.2,109.50 1 202
github.com/renproject/mercury/types/btctypes/btc.go:105.16,107.3 1 0
